<?xml version="1.0" encoding="UTF-8"?>
<!-- Generated by org.testng.reporters.JUnitXMLReporter -->
<testsuite ignored="0" hostname="DESKTOP-38Q9L5G" failures="1" tests="14" name="API - Admin Flow" time="24.253" errors="0" timestamp="2025-09-09T11:48:40 IST">
  <testcase classname="tests.AdminOrderFlowTest" name="createOrder" time="2.509"/>
  <testcase classname="tests.AdminOrderFlowTest" name="verifyOrderInUI" time="15.703">
    <failure type="org.openqa.selenium.TimeoutException" message="Expected condition failed: waiting for element to be clickable: [[ChromeDriver: chrome on windows (58d59de97abd8ce503050b19f12e1970)] -&amp;gt; xpath: //a[@href=&amp;apos;/product/queued&amp;apos;]//span[text()=&amp;apos;Queued&amp;apos;]] (tried for 10 second(s) with 500 milliseconds interval)
Build info: version: &amp;apos;4.27.0&amp;apos;, revision: &amp;apos;d6e718d134&amp;apos;
System info: os.name: &amp;apos;Windows 11&amp;apos;, os.arch: &amp;apos;amd64&amp;apos;, os.version: &amp;apos;10.0&amp;apos;, java.version: &amp;apos;17.0.2&amp;apos;
Driver info: org.openqa.selenium.chrome.ChromeDriver
Capabilities {acceptInsecureCerts: false, browserName: chrome, browserVersion: 139.0.7258.155, chrome: {chromedriverVersion: 139.0.7258.154 (9e0d6b2b47f..., userDataDir: C:\Users\47BILL~1\AppData\L...}, fedcm:accounts: true, goog:chromeOptions: {debuggerAddress: localhost:53241}, networkConnectionEnabled: false, pageLoadStrategy: normal, platformName: windows, proxy: Proxy(), se:cdp: ws://localhost:53241/devtoo..., se:cdpVersion: 139.0.7258.155, setWindowRect: true, strictFileInteractability: false, timeouts: {implicit: 0, pageLoad: 300000, script: 30000}, unhandledPromptBehavior: dismiss and notify, webauthn:extension:credBlob: true, webauthn:extension:largeBlob: true, webauthn:extension:minPinLength: true, webauthn:extension:prf: true, webauthn:virtualAuthenticators: true}
Session ID: 58d59de97abd8ce503050b19f12e1970">
      <![CDATA[org.openqa.selenium.TimeoutException: Expected condition failed: waiting for element to be clickable: [[ChromeDriver: chrome on windows (58d59de97abd8ce503050b19f12e1970)] -> xpath: //a[@href='/product/queued']//span[text()='Queued']] (tried for 10 second(s) with 500 milliseconds interval)
Build info: version: '4.27.0', revision: 'd6e718d134'
System info: os.name: 'Windows 11', os.arch: 'amd64', os.version: '10.0', java.version: '17.0.2'
Driver info: org.openqa.selenium.chrome.ChromeDriver
Capabilities {acceptInsecureCerts: false, browserName: chrome, browserVersion: 139.0.7258.155, chrome: {chromedriverVersion: 139.0.7258.154 (9e0d6b2b47f..., userDataDir: C:\Users\47BILL~1\AppData\L...}, fedcm:accounts: true, goog:chromeOptions: {debuggerAddress: localhost:53241}, networkConnectionEnabled: false, pageLoadStrategy: normal, platformName: windows, proxy: Proxy(), se:cdp: ws://localhost:53241/devtoo..., se:cdpVersion: 139.0.7258.155, setWindowRect: true, strictFileInteractability: false, timeouts: {implicit: 0, pageLoad: 300000, script: 30000}, unhandledPromptBehavior: dismiss and notify, webauthn:extension:credBlob: true, webauthn:extension:largeBlob: true, webauthn:extension:minPinLength: true, webauthn:extension:prf: true, webauthn:virtualAuthenticators: true}
Session ID: 58d59de97abd8ce503050b19f12e1970
at org.openqa.selenium.support.ui.WebDriverWait.timeoutException(WebDriverWait.java:84)
at org.openqa.selenium.support.ui.FluentWait.until(FluentWait.java:228)
at base.BasePage.clickElement(BasePage.java:29)
at pages.ProductFlowQueuedPage.searchOrderinQueued(ProductFlowQueuedPage.java:206)
at tests.AdminOrderFlowTest.verifyOrderInUI(AdminOrderFlowTest.java:153)
at java.base/java.util.ArrayList.forEach(ArrayList.java:1511)
at tests.TestNGScheduler.lambda$0(TestNGScheduler.java:24)
at java.base/java.util.concurrent.Executors$RunnableAdapter.call(Executors.java:539)
at java.base/java.util.concurrent.FutureTask.runAndReset(FutureTask.java:305)
at java.base/java.util.concurrent.ScheduledThreadPoolExecutor$ScheduledFutureTask.run(ScheduledThreadPoolExecutor.java:305)
at java.base/java.util.concurrent.ThreadPoolExecutor.runWorker(ThreadPoolExecutor.java:1136)
at java.base/java.util.concurrent.ThreadPoolExecutor$Worker.run(ThreadPoolExecutor.java:635)
at java.base/java.lang.Thread.run(Thread.java:833)
... Removed 24 stack frames]]>
    </failure>
  </testcase> <!-- verifyOrderInUI -->
  <testcase classname="tests.AdminOrderFlowTest" name="splitOrder" time="0.0">
    <skipped/>
  </testcase> <!-- splitOrder -->
  <testcase classname="tests.AdminOrderFlowTest" name="updateTAT" time="0.0">
    <skipped/>
  </testcase> <!-- updateTAT -->
  <testcase classname="tests.AdminOrderFlowTest" name="addAndAssignUsers" time="0.001">
    <skipped/>
  </testcase> <!-- addAndAssignUsers -->
  <testcase classname="tests.AdminOrderFlowTest" name="addRemarks" time="0.0">
    <skipped/>
  </testcase> <!-- addRemarks -->
  <testcase classname="tests.AdminOrderFlowTest" name="addAttachments" time="0.0">
    <skipped/>
  </testcase> <!-- addAttachments -->
  <testcase classname="tests.AdminOrderFlowTest" name="completeStages" time="0.0">
    <skipped/>
  </testcase> <!-- completeStages -->
  <testcase classname="tests.AdminOrderFlowTest" name="verifyCompletion" time="0.0">
    <skipped/>
  </testcase> <!-- verifyCompletion -->
  <testcase classname="tests.AdminOrderFlowTest" name="verifyOrderInUICompleted" time="0.0">
    <skipped/>
  </testcase> <!-- verifyOrderInUICompleted -->
  <testcase classname="tests.AdminOrderFlowTest" name="verifyStatusCompletedViaUI" time="0.0">
    <skipped/>
  </testcase> <!-- verifyStatusCompletedViaUI -->
  <testcase classname="tests.AdminOrderFlowTest" name="updateUser" time="0.0">
    <skipped/>
  </testcase> <!-- updateUser -->
  <testcase classname="tests.AdminOrderFlowTest" name="downloadcompleteOnTimeReportTest" time="0.0">
    <skipped/>
  </testcase> <!-- downloadcompleteOnTimeReportTest -->
  <testcase classname="tests.AdminOrderFlowTest" name="downloadcompleteWithDelayReportTest" time="0.0">
    <skipped/>
  </testcase> <!-- downloadcompleteWithDelayReportTest -->
</testsuite> <!-- API - Admin Flow -->
