<?xml version="1.0" encoding="UTF-8"?>
<!-- Generated by org.testng.reporters.JUnitXMLReporter -->
<testsuite ignored="0" hostname="DESKTOP-38Q9L5G" failures="2" tests="9" name="Admin Order Flow with Workflow Open" time="43.319" errors="0" timestamp="2025-08-25T14:54:32 IST">
  <testcase classname="tests.WorkflowMixStagesTest" name="workflowOpenForAllStages" time="27.51">
    <failure type="org.openqa.selenium.ElementClickInterceptedException" message="element click intercepted: Element &amp;lt;button class=&amp;quot;z-0 group relative justify-center box-border appearance-none select-none whitespace-nowrap font-normal subpixel-antialiased overflow-hidden tap-highlight-transparent outline-none data-[focus-visible=true]:z-10 data-[focus-visible=true]:outline-2 data-[focus-visible=true]:outline-focus data-[focus-visible=true]:outline-offset-2 px-4 min-w-20 h-10 text-small [&amp;amp;amp;&amp;amp;gt;svg]:max-w-[theme(spacing.8)] !transition-none data-[pressed=true]:scale-100 bg-default text-default-foreground data-[hover=true]:opacity-hover add-stage-btn flex items-center gap-2 rounded-md border&amp;quot; type=&amp;quot;button&amp;quot;&amp;gt;...&amp;lt;/button&amp;gt; is not clickable at point (1161, 86). Other element would receive the click: &amp;lt;div class=&amp;quot;group mb-3 w-full&amp;quot;&amp;gt;...&amp;lt;/div&amp;gt;
  (Session info: chrome=139.0.7258.127)
Build info: version: &amp;apos;4.27.0&amp;apos;, revision: &amp;apos;d6e718d134&amp;apos;
System info: os.name: &amp;apos;Windows 11&amp;apos;, os.arch: &amp;apos;amd64&amp;apos;, os.version: &amp;apos;10.0&amp;apos;, java.version: &amp;apos;17.0.2&amp;apos;
Driver info: org.openqa.selenium.chrome.ChromeDriver
Command: [f1172bf8b6db82b5e951a5e8a15a930b, clickElement {id=f.1E3CD8A44F8FE51F2B1779B5EEB89D76.d.C9179B34F43D7135DFB2945DDED490C6.e.2104}]
Capabilities {acceptInsecureCerts: false, browserName: chrome, browserVersion: 139.0.7258.127, chrome: {chromedriverVersion: 139.0.7258.138 (884e54ea8d4..., userDataDir: C:\Users\47BILL~1\AppData\L...}, fedcm:accounts: true, goog:chromeOptions: {debuggerAddress: localhost:55350}, networkConnectionEnabled: false, pageLoadStrategy: normal, platformName: windows, proxy: Proxy(), se:cdp: ws://localhost:55350/devtoo..., se:cdpVersion: 139.0.7258.127, setWindowRect: true, strictFileInteractability: false, timeouts: {implicit: 0, pageLoad: 300000, script: 30000}, unhandledPromptBehavior: dismiss and notify, webauthn:extension:credBlob: true, webauthn:extension:largeBlob: true, webauthn:extension:minPinLength: true, webauthn:extension:prf: true, webauthn:virtualAuthenticators: true}
Element: [[ChromeDriver: chrome on windows (f1172bf8b6db82b5e951a5e8a15a930b)] -&amp;gt; xpath: //button[normalize-space()=&amp;apos;Add Stage&amp;apos;]]
Session ID: f1172bf8b6db82b5e951a5e8a15a930b">
      <![CDATA[org.openqa.selenium.ElementClickInterceptedException: element click intercepted: Element <button class="z-0 group relative justify-center box-border appearance-none select-none whitespace-nowrap font-normal subpixel-antialiased overflow-hidden tap-highlight-transparent outline-none data-[focus-visible=true]:z-10 data-[focus-visible=true]:outline-2 data-[focus-visible=true]:outline-focus data-[focus-visible=true]:outline-offset-2 px-4 min-w-20 h-10 text-small [&amp;&gt;svg]:max-w-[theme(spacing.8)] !transition-none data-[pressed=true]:scale-100 bg-default text-default-foreground data-[hover=true]:opacity-hover add-stage-btn flex items-center gap-2 rounded-md border" type="button">...</button> is not clickable at point (1161, 86). Other element would receive the click: <div class="group mb-3 w-full">...</div>
  (Session info: chrome=139.0.7258.127)
Build info: version: '4.27.0', revision: 'd6e718d134'
System info: os.name: 'Windows 11', os.arch: 'amd64', os.version: '10.0', java.version: '17.0.2'
Driver info: org.openqa.selenium.chrome.ChromeDriver
Command: [f1172bf8b6db82b5e951a5e8a15a930b, clickElement {id=f.1E3CD8A44F8FE51F2B1779B5EEB89D76.d.C9179B34F43D7135DFB2945DDED490C6.e.2104}]
Capabilities {acceptInsecureCerts: false, browserName: chrome, browserVersion: 139.0.7258.127, chrome: {chromedriverVersion: 139.0.7258.138 (884e54ea8d4..., userDataDir: C:\Users\47BILL~1\AppData\L...}, fedcm:accounts: true, goog:chromeOptions: {debuggerAddress: localhost:55350}, networkConnectionEnabled: false, pageLoadStrategy: normal, platformName: windows, proxy: Proxy(), se:cdp: ws://localhost:55350/devtoo..., se:cdpVersion: 139.0.7258.127, setWindowRect: true, strictFileInteractability: false, timeouts: {implicit: 0, pageLoad: 300000, script: 30000}, unhandledPromptBehavior: dismiss and notify, webauthn:extension:credBlob: true, webauthn:extension:largeBlob: true, webauthn:extension:minPinLength: true, webauthn:extension:prf: true, webauthn:virtualAuthenticators: true}
Element: [[ChromeDriver: chrome on windows (f1172bf8b6db82b5e951a5e8a15a930b)] -> xpath: //button[normalize-space()='Add Stage']]
Session ID: f1172bf8b6db82b5e951a5e8a15a930b
at org.openqa.selenium.remote.ErrorCodec.decode(ErrorCodec.java:167)
at org.openqa.selenium.remote.codec.w3c.W3CHttpResponseCodec.decode(W3CHttpResponseCodec.java:138)
at org.openqa.selenium.remote.codec.w3c.W3CHttpResponseCodec.decode(W3CHttpResponseCodec.java:50)
at org.openqa.selenium.remote.HttpCommandExecutor.execute(HttpCommandExecutor.java:190)
at org.openqa.selenium.remote.service.DriverCommandExecutor.invokeExecute(DriverCommandExecutor.java:216)
at org.openqa.selenium.remote.service.DriverCommandExecutor.execute(DriverCommandExecutor.java:174)
at org.openqa.selenium.remote.RemoteWebDriver.execute(RemoteWebDriver.java:545)
at org.openqa.selenium.remote.RemoteWebElement.execute(RemoteWebElement.java:223)
at org.openqa.selenium.remote.RemoteWebElement.click(RemoteWebElement.java:76)
at org.openqa.selenium.support.pagefactory.internal.LocatingElementHandler.invoke(LocatingElementHandler.java:51)
at jdk.proxy2/jdk.proxy2.$Proxy15.click(Unknown Source)
at pages.WorkflowMixStagesPage.WorkflowsAlternateOpenStages(WorkflowMixStagesPage.java:113)
at tests.WorkflowMixStagesTest.workflowOpenForAllStages(WorkflowMixStagesTest.java:38)
at java.base/java.util.ArrayList.forEach(ArrayList.java:1511)
... Removed 36 stack frames]]>
    </failure>
  </testcase> <!-- workflowOpenForAllStages -->
  <testcase classname="tests.WorkflowMixStagesAPITest" name="createOrder" time="5.577"/>
  <testcase classname="tests.WorkflowMixStagesAPITest" name="splitOrder" time="0.169"/>
  <testcase classname="tests.WorkflowMixStagesAPITest" name="updateTAT" time="1.924">
    <failure type="java.lang.AssertionError" message="Failed to update TAT for stage with sequence 4 expected [200] but found [404]">
      <![CDATA[java.lang.AssertionError: Failed to update TAT for stage with sequence 4 expected [200] but found [404]
at tests.WorkflowMixStagesAPITest.updateTAT(WorkflowMixStagesAPITest.java:114)
at java.base/java.util.ArrayList.forEach(ArrayList.java:1511)
... Removed 33 stack frames]]>
    </failure>
  </testcase> <!-- updateTAT -->
  <testcase classname="tests.WorkflowMixStagesAPITest" name="addAndAssignUsers" time="0.0">
    <skipped/>
  </testcase> <!-- addAndAssignUsers -->
  <testcase classname="tests.WorkflowMixStagesAPITest" name="addRemarks" time="0.0">
    <skipped/>
  </testcase> <!-- addRemarks -->
  <testcase classname="tests.WorkflowMixStagesAPITest" name="addAttachments" time="0.0">
    <skipped/>
  </testcase> <!-- addAttachments -->
  <testcase classname="tests.WorkflowMixStagesAPITest" name="completeStages" time="0.0">
    <skipped/>
  </testcase> <!-- completeStages -->
  <testcase classname="tests.WorkflowMixStagesAPITest" name="verifyCompletion" time="0.0">
    <skipped/>
  </testcase> <!-- verifyCompletion -->
</testsuite> <!-- Admin Order Flow with Workflow Open -->
