<?xml version="1.0" encoding="UTF-8"?>
<!-- Generated by org.testng.reporters.JUnitReportReporter -->
<testsuite hostname="DESKTOP-38Q9L5G" failures="0" tests="15" name="tests.ActiveInactiveUserHybridTest" time="23.286" errors="1" timestamp="2025-08-25T17:24:36 IST" skipped="9">
  <testcase classname="tests.ActiveInactiveUserHybridTest" name="updateTAT" time="2.597"/>
  <testcase classname="tests.ActiveInactiveUserHybridTest" name="verifyOrderInactiveUserViaUI" time="0.000">
    <skipped/>
  </testcase> <!-- verifyOrderInactiveUserViaUI -->
  <testcase classname="tests.ActiveInactiveUserHybridTest" name="switchToAssignedUser" time="0.423">
    <error message="Login failed: {
    &quot;error&quot;: {
        &quot;code&quot;: 401,
        &quot;status&quot;: &quot;Unauthorized&quot;,
        &quot;request&quot;: &quot;88c9b56a5f1128032c502ca1b8feeeca&quot;,
        &quot;reason&quot;: &quot;This account was disabled.&quot;,
        &quot;details&quot;: {
            &quot;identity_id&quot;: &quot;c9450ec0-91ae-45a3-ba36-4c2b7c89b2da&quot;
        },
        &quot;message&quot;: &quot;identity is disabled&quot;
    }
}" type="java.lang.RuntimeException">
      <![CDATA[java.lang.RuntimeException: Login failed: {
    "error": {
        "code": 401,
        "status": "Unauthorized",
        "request": "88c9b56a5f1128032c502ca1b8feeeca",
        "reason": "This account was disabled.",
        "details": {
            "identity_id": "c9450ec0-91ae-45a3-ba36-4c2b7c89b2da"
        },
        "message": "identity is disabled"
    }
}
at utils.LoginUtil.performLogin_QA(LoginUtil.java:90)
at tests.ActiveInactiveUserHybridTest.switchToAssignedUser(ActiveInactiveUserHybridTest.java:167)
at java.base/jdk.internal.reflect.NativeMethodAccessorImpl.invoke0(Native Method)
at java.base/jdk.internal.reflect.NativeMethodAccessorImpl.invoke(NativeMethodAccessorImpl.java:77)
at java.base/jdk.internal.reflect.DelegatingMethodAccessorImpl.invoke(DelegatingMethodAccessorImpl.java:43)
at java.base/java.lang.reflect.Method.invoke(Method.java:568)
at org.testng.internal.invokers.MethodInvocationHelper.invokeMethod(MethodInvocationHelper.java:139)
at org.testng.internal.invokers.TestInvoker.invokeMethod(TestInvoker.java:664)
at org.testng.internal.invokers.TestInvoker.invokeTestMethod(TestInvoker.java:227)
at org.testng.internal.invokers.MethodRunner.runInSequence(MethodRunner.java:50)
at org.testng.internal.invokers.TestInvoker$MethodInvocationAgent.invoke(TestInvoker.java:957)
at org.testng.internal.invokers.TestInvoker.invokeTestMethods(TestInvoker.java:200)
at org.testng.internal.invokers.TestMethodWorker.invokeTestMethods(TestMethodWorker.java:148)
at org.testng.internal.invokers.TestMethodWorker.run(TestMethodWorker.java:128)
at java.base/java.util.ArrayList.forEach(ArrayList.java:1511)
at org.testng.TestRunner.privateRun(TestRunner.java:848)
at org.testng.TestRunner.run(TestRunner.java:621)
at org.testng.SuiteRunner.runTest(SuiteRunner.java:443)
at org.testng.SuiteRunner.runSequentially(SuiteRunner.java:437)
at org.testng.SuiteRunner.privateRun(SuiteRunner.java:397)
at org.testng.SuiteRunner.run(SuiteRunner.java:336)
at org.testng.SuiteRunnerWorker.runSuite(SuiteRunnerWorker.java:52)
at org.testng.SuiteRunnerWorker.run(SuiteRunnerWorker.java:95)
at org.testng.TestNG.runSuitesSequentially(TestNG.java:1280)
at org.testng.TestNG.runSuitesLocally(TestNG.java:1200)
at org.testng.TestNG.runSuites(TestNG.java:1114)
at org.testng.TestNG.run(TestNG.java:1082)
at org.testng.remote.AbstractRemoteTestNG.run(AbstractRemoteTestNG.java:115)
at org.testng.remote.RemoteTestNG.initAndRun(RemoteTestNG.java:293)
at org.testng.remote.RemoteTestNG.main(RemoteTestNG.java:91)
]]>
    </error>
  </testcase> <!-- switchToAssignedUser -->
  <testcase classname="tests.ActiveInactiveUserHybridTest" name="verifyOrderInUI" time="16.253"/>
  <testcase classname="tests.ActiveInactiveUserHybridTest" name="switchToAssigneeDeactivated" time="0.000">
    <skipped/>
  </testcase> <!-- switchToAssigneeDeactivated -->
  <testcase classname="tests.ActiveInactiveUserHybridTest" name="verifyDeactivatedUserIsInInactiveList" time="0.000">
    <skipped/>
  </testcase> <!-- verifyDeactivatedUserIsInInactiveList -->
  <testcase classname="tests.ActiveInactiveUserHybridTest" name="activateUser" time="0.000">
    <skipped/>
  </testcase> <!-- activateUser -->
  <testcase classname="tests.ActiveInactiveUserHybridTest" name="completeStagesWithRemarksAndAttachments" time="0.000">
    <skipped/>
  </testcase> <!-- completeStagesWithRemarksAndAttachments -->
  <testcase classname="tests.ActiveInactiveUserHybridTest" name="switchToAdminForActivationUser" time="0.000">
    <skipped/>
  </testcase> <!-- switchToAdminForActivationUser -->
  <testcase classname="tests.ActiveInactiveUserHybridTest" name="switchToAdmin" time="0.000">
    <skipped/>
  </testcase> <!-- switchToAdmin -->
  <testcase classname="tests.ActiveInactiveUserHybridTest" name="verifyOrderInUICompleted" time="0.000">
    <skipped/>
  </testcase> <!-- verifyOrderInUICompleted -->
  <testcase classname="tests.ActiveInactiveUserHybridTest" name="splitOrder" time="0.342"/>
  <testcase classname="tests.ActiveInactiveUserHybridTest" name="deactivateUser" time="0.000">
    <skipped/>
  </testcase> <!-- deactivateUser -->
  <testcase classname="tests.ActiveInactiveUserHybridTest" name="addAndAssignUsers" time="1.621"/>
  <testcase classname="tests.ActiveInactiveUserHybridTest" name="createOrderAPI" time="2.050"/>
</testsuite> <!-- tests.ActiveInactiveUserHybridTest -->
