<?xml version="1.0" encoding="UTF-8"?>
<!-- Generated by org.testng.reporters.JUnitReportReporter -->
<testsuite hostname="DESKTOP-38Q9L5G" failures="1" tests="8" name="tests.WorkflowMixStagesAPITest" time="13.804" errors="0" timestamp="2025-09-09T11:27:13 IST" skipped="5">
  <testcase classname="tests.WorkflowMixStagesAPITest" name="createOrder" time="10.119"/>
  <testcase classname="tests.WorkflowMixStagesAPITest" name="addAndAssignUsers" time="0.000">
    <skipped/>
  </testcase> <!-- addAndAssignUsers -->
  <testcase classname="tests.WorkflowMixStagesAPITest" name="addAttachments" time="0.000">
    <skipped/>
  </testcase> <!-- addAttachments -->
  <testcase classname="tests.WorkflowMixStagesAPITest" name="addRemarks" time="0.000">
    <skipped/>
  </testcase> <!-- addRemarks -->
  <testcase classname="tests.WorkflowMixStagesAPITest" name="verifyCompletion" time="0.000">
    <skipped/>
  </testcase> <!-- verifyCompletion -->
  <testcase classname="tests.WorkflowMixStagesAPITest" name="updateTAT" time="3.550">
    <failure message="Stage with sequence 6 not found! expected object to not be null" type="java.lang.AssertionError">
      <![CDATA[java.lang.AssertionError: Stage with sequence 6 not found! expected object to not be null
at org.testng.Assert.fail(Assert.java:111)
at org.testng.Assert.assertNotNull(Assert.java:1484)
at tests.WorkflowMixStagesAPITest.updateTAT(WorkflowMixStagesAPITest.java:109)
at java.base/jdk.internal.reflect.NativeMethodAccessorImpl.invoke0(Native Method)
at java.base/jdk.internal.reflect.NativeMethodAccessorImpl.invoke(NativeMethodAccessorImpl.java:77)
at java.base/jdk.internal.reflect.DelegatingMethodAccessorImpl.invoke(DelegatingMethodAccessorImpl.java:43)
at java.base/java.lang.reflect.Method.invoke(Method.java:568)
at org.testng.internal.invokers.MethodInvocationHelper.invokeMethod(MethodInvocationHelper.java:139)
at org.testng.internal.invokers.TestInvoker.invokeMethod(TestInvoker.java:664)
at org.testng.internal.invokers.TestInvoker.invokeTestMethod(TestInvoker.java:227)
at org.testng.internal.invokers.MethodRunner.runInSequence(MethodRunner.java:50)
at org.testng.internal.invokers.TestInvoker$MethodInvocationAgent.invoke(TestInvoker.java:957)
at org.testng.internal.invokers.TestInvoker.invokeTestMethods(TestInvoker.java:200)
at org.testng.internal.invokers.TestMethodWorker.invokeTestMethods(TestMethodWorker.java:148)
at org.testng.internal.invokers.TestMethodWorker.run(TestMethodWorker.java:128)
at java.base/java.util.ArrayList.forEach(ArrayList.java:1511)
at org.testng.TestRunner.privateRun(TestRunner.java:848)
at org.testng.TestRunner.run(TestRunner.java:621)
at org.testng.SuiteRunner.runTest(SuiteRunner.java:443)
at org.testng.SuiteRunner.runSequentially(SuiteRunner.java:437)
at org.testng.SuiteRunner.privateRun(SuiteRunner.java:397)
at org.testng.SuiteRunner.run(SuiteRunner.java:336)
at org.testng.SuiteRunnerWorker.runSuite(SuiteRunnerWorker.java:52)
at org.testng.SuiteRunnerWorker.run(SuiteRunnerWorker.java:95)
at org.testng.TestNG.runSuitesSequentially(TestNG.java:1280)
at org.testng.TestNG.runSuitesLocally(TestNG.java:1200)
at org.testng.TestNG.runSuites(TestNG.java:1114)
at org.testng.TestNG.run(TestNG.java:1082)
at tests.TestNGScheduler.lambda$0(TestNGScheduler.java:24)
at java.base/java.util.concurrent.Executors$RunnableAdapter.call(Executors.java:539)
at java.base/java.util.concurrent.FutureTask.runAndReset(FutureTask.java:305)
at java.base/java.util.concurrent.ScheduledThreadPoolExecutor$ScheduledFutureTask.run(ScheduledThreadPoolExecutor.java:305)
at java.base/java.util.concurrent.ThreadPoolExecutor.runWorker(ThreadPoolExecutor.java:1136)
at java.base/java.util.concurrent.ThreadPoolExecutor$Worker.run(ThreadPoolExecutor.java:635)
at java.base/java.lang.Thread.run(Thread.java:833)
]]>
    </failure>
  </testcase> <!-- updateTAT -->
  <testcase classname="tests.WorkflowMixStagesAPITest" name="completeStages" time="0.000">
    <skipped/>
  </testcase> <!-- completeStages -->
  <testcase classname="tests.WorkflowMixStagesAPITest" name="splitOrder" time="0.135"/>
</testsuite> <!-- tests.WorkflowMixStagesAPITest -->
